-------------------------------------------------------------------------------
Test set: IPokedexTest
-------------------------------------------------------------------------------
Tests run: 4, Failures: 4, Errors: 0, Skipped: 0, Time elapsed: 0.003 sec <<< FAILURE!
IPokedexTest.testAddAndGetPokemon()  Time elapsed: 0.001 sec  <<< FAILURE!
java.lang.NullPointerException: Cannot invoke "pokedex.api.IPokedex.addPokemon(pokedex.api.Pokemon)" because "this.pokedex" is null
	at IPokedexTest.testAddAndGetPokemon(IPokedexTest.java:38)

IPokedexTest.testGetPokemonsWithComparator()  Time elapsed: 0 sec  <<< FAILURE!
java.lang.NullPointerException: Cannot invoke "pokedex.api.IPokedex.getPokemons(java.util.Comparator)" because "this.pokedex" is null
	at IPokedexTest.testGetPokemonsWithComparator(IPokedexTest.java:60)

IPokedexTest.testSize()  Time elapsed: 0.001 sec  <<< FAILURE!
java.lang.NullPointerException: Cannot invoke "pokedex.api.IPokedex.size()" because "this.pokedex" is null
	at IPokedexTest.testSize(IPokedexTest.java:30)

IPokedexTest.testGetPokemons()  Time elapsed: 0 sec  <<< FAILURE!
java.lang.NullPointerException: Cannot invoke "pokedex.api.IPokedex.getPokemons()" because "this.pokedex" is null
	at IPokedexTest.testGetPokemons(IPokedexTest.java:44)

