-------------------------------------------------------------------------------
Test set: IPokemonFactoryTest
-------------------------------------------------------------------------------
Tests run: 1, Failures: 1, Errors: 0, Skipped: 0, Time elapsed: 0 sec <<< FAILURE!
IPokemonFactoryTest.testCreatePokemon()  Time elapsed: 0 sec  <<< FAILURE!
java.lang.NullPointerException: Cannot invoke "pokedex.api.IPokemonFactory.createPokemon(int, int, int, int, int)" because "this.pokemonFactory" is null
	at IPokemonFactoryTest.testCreatePokemon(IPokemonFactoryTest.java:24)

