-------------------------------------------------------------------------------
Test set: pokedex.api.IPokedexFactoryTest
-------------------------------------------------------------------------------
Tests run: 1, Failures: 1, Errors: 0, Skipped: 0, Time elapsed: 0.002 sec <<< FAILURE!
pokedex.api.IPokedexFactoryTest.testCreatePokedex()  Time elapsed: 0.001 sec  <<< FAILURE!
java.lang.NullPointerException: Cannot invoke "pokedex.api.IPokedexFactory.createPokedex(pokedex.api.IPokemonMetadataProvider, pokedex.api.IPokemonFactory)" because "this.pokedexFactory" is null
	at pokedex.api.IPokedexFactoryTest.testCreatePokedex(IPokedexFactoryTest.java:30)

