-------------------------------------------------------------------------------
Test set: pokedex.api.IPokedexTest
-------------------------------------------------------------------------------
Tests run: 5, Failures: 5, Errors: 0, Skipped: 0, Time elapsed: 0.009 sec <<< FAILURE!
pokedex.api.IPokedexTest.testAddPokemon()  Time elapsed: 0 sec  <<< FAILURE!
java.lang.NullPointerException: Cannot invoke "pokedex.api.IPokedex.addPokemon(pokedex.api.Pokemon)" because "this.myPokedex" is null
	at pokedex.api.IPokedexTest.testAddPokemon(IPokedexTest.java:43)

pokedex.api.IPokedexTest.testSize()  Time elapsed: 0 sec  <<< FAILURE!
java.lang.NullPointerException: Cannot invoke "pokedex.api.IPokedex.size()" because "this.myPokedex" is null
	at pokedex.api.IPokedexTest.testSize(IPokedexTest.java:49)

pokedex.api.IPokedexTest.testGetSortedList()  Time elapsed: 0 sec  <<< FAILURE!
java.lang.NullPointerException: Cannot invoke "pokedex.api.IPokedex.getPokemons()" because "this.myPokedex" is null
	at pokedex.api.IPokedexTest.testGetSortedList(IPokedexTest.java:76)

pokedex.api.IPokedexTest.testGetPokemonMetadata()  Time elapsed: 0 sec  <<< FAILURE!
java.lang.NullPointerException: Cannot invoke "pokedex.api.IPokedex.getPokemon(int)" because "this.myPokedex" is null
	at pokedex.api.IPokedexTest.testGetPokemonMetadata(IPokedexTest.java:54)

pokedex.api.IPokedexTest.testThrowPokedexException()  Time elapsed: 0.009 sec  <<< FAILURE!
org.opentest4j.AssertionFailedError: Unexpected exception type thrown ==> expected: <pokedex.api.PokedexException> but was: <java.lang.NullPointerException>
	at org.junit.jupiter.api.AssertThrows.assertThrows(AssertThrows.java:65)
	at org.junit.jupiter.api.AssertThrows.assertThrows(AssertThrows.java:37)
	at org.junit.jupiter.api.Assertions.assertThrows(Assertions.java:3082)
	at pokedex.api.IPokedexTest.testThrowPokedexException(IPokedexTest.java:69)
Caused by: java.lang.NullPointerException: Cannot invoke "pokedex.api.IPokedex.getPokemon(int)" because "this.myPokedex" is null
	at pokedex.api.IPokedexTest.lambda$testThrowPokedexException$0(IPokedexTest.java:70)
	at org.junit.jupiter.api.AssertThrows.assertThrows(AssertThrows.java:55)
	... 17 more

