GROUP,PACKAGE,CLASS,INSTRUCTION_MISSED,INSTRUCTION_COVERED,BRANCH_MISSED,BRANCH_COVERED,LINE_MISSED,LINE_COVERED,COMPLEXITY_MISSED,COMPLEXITY_COVERED,METHOD_MISSED,METHOD_COVERED
Archetype - TP-Techniques-de-test,pokedex.api,PokemonMetadata,15,18,0,0,5,7,5,1,5,1
Archetype - TP-Techniques-de-test,pokedex.api,Pokemon,15,23,0,0,5,7,5,1,5,1
Archetype - TP-Techniques-de-test,pokedex.api,PokemonComparators,6,35,0,0,1,7,1,2,1,2
Archetype - TP-Techniques-de-test,pokedex.api,PokedexException,4,0,0,0,2,0,1,0,1,0
Archetype - TP-Techniques-de-test,pokedex.api,PokemonTrainer,9,12,0,0,3,5,3,1,3,1
Archetype - TP-Techniques-de-test,pokedex.api,Team,0,21,0,0,0,4,0,1,0,1
